2025-04-16 17:09:44,910 - config - INFO - Итоговый "дата фрейм": 0
2025-04-16 17:09:44,911 - config - INFO - id : Series([], Name: id, dtype: object)
2025-04-16 17:09:44,913 - config - INFO - DATA!!! --->>>Empty DataFrame
Columns: [Ссылка на запись, Комментарий, Вопросы, id]
Index: []
2025-04-16 17:10:12,140 - config - INFO - Итоговый "дата фрейм": 0
2025-04-16 17:10:12,140 - config - INFO - id : Series([], Name: id, dtype: object)
2025-04-16 17:10:12,141 - config - INFO - DATA!!! --->>>[]
2025-04-16 17:10:54,823 - config - INFO - Итоговый "дата фрейм": 0
2025-04-16 17:10:54,827 - config - INFO - id : Series([], Name: id, dtype: object)
2025-04-16 17:10:54,829 - config - INFO - DATA!!! --->>>Empty DataFrame
Columns: [Ссылка на запись, Комментарий, Вопросы, id]
Index: []
2025-04-16 17:24:22,061 - config - INFO - Итоговый "дата фрейм": 0
2025-04-16 17:24:22,062 - config - INFO - id : Series([], Name: id, dtype: object)
2025-04-16 17:24:22,063 - config - INFO - DATA!!! --->>>Empty DataFrame
Columns: [Ссылка на запись, Комментарий, Вопросы, id]
Index: []
2025-04-16 17:24:56,234 - config - INFO - Стартовый "дата фрейм":                                  Ссылка на запись Комментарий                                            Вопросы    id
0                https://yadi.sk/d/z8zbZKFoVUPVzQ                                                                    2
1                https://yadi.sk/i/Sis-EzmqsRZu6w                                                                    3
2                https://yadi.sk/d/hvWqHqGD5TYCfQ              Почему вот это вот А является множеством, а не...     4
3                https://yadi.sk/i/dIMET5x53JmaHA                                                                    5
4     https://disk.yandex.com.am/d/AiPMyolQUBfOHw                             !Боту не удалось обработать запись     6
...                                           ...         ...                                                ...   ...
3761                                                                                                              3763
3762                                                                                                              3764
3763                                                                                                              3765
3764                                                                                                              3766
3765                                                                                                              3767

[3766 rows x 4 columns]
2025-04-16 17:24:56,235 - config - INFO - Итоговый "дата фрейм": 0
2025-04-16 17:24:56,236 - config - INFO - id : Series([], Name: id, dtype: object)
2025-04-16 17:24:56,237 - config - INFO - DATA!!! --->>>Empty DataFrame
Columns: [Ссылка на запись, Комментарий, Вопросы, id]
Index: []
2025-04-16 17:26:17,851 - config - INFO - Стартовый "дата фрейм":                                  Ссылка на запись Комментарий                                            Вопросы    id
0                https://yadi.sk/d/z8zbZKFoVUPVzQ                                                                    2
1                https://yadi.sk/i/Sis-EzmqsRZu6w                                                                    3
2                https://yadi.sk/d/hvWqHqGD5TYCfQ              Почему вот это вот А является множеством, а не...     4
3                https://yadi.sk/i/dIMET5x53JmaHA                                                                    5
4     https://disk.yandex.com.am/d/AiPMyolQUBfOHw                             !Боту не удалось обработать запись     6
...                                           ...         ...                                                ...   ...
3761                                                                                                              3763
3762                                                                                                              3764
3763                                                                                                              3765
3764                                                                                                              3766
3765                                                                                                              3767

[3766 rows x 4 columns]
2025-04-16 17:26:17,856 - config - INFO - Стартовый "дата фрейм" 2:                                  Ссылка на запись Комментарий                                            Вопросы    id
0                https://yadi.sk/d/z8zbZKFoVUPVzQ                                                                    2
1                https://yadi.sk/i/Sis-EzmqsRZu6w                                                                    3
2                https://yadi.sk/d/hvWqHqGD5TYCfQ              Почему вот это вот А является множеством, а не...     4
3                https://yadi.sk/i/dIMET5x53JmaHA                                                                    5
4     https://disk.yandex.com.am/d/AiPMyolQUBfOHw                             !Боту не удалось обработать запись     6
...                                           ...         ...                                                ...   ...
3761                                                                                                              3763
3762                                                                                                              3764
3763                                                                                                              3765
3764                                                                                                              3766
3765                                                                                                              3767

[3764 rows x 4 columns]
2025-04-16 17:26:17,857 - config - INFO - Стартовый "дата фрейм" 3: Empty DataFrame
Columns: [Ссылка на запись, Комментарий, Вопросы, id]
Index: []
2025-04-16 17:26:17,858 - config - INFO - Итоговый "дата фрейм": 0
2025-04-16 17:26:17,858 - config - INFO - id : Series([], Name: id, dtype: object)
2025-04-16 17:26:17,859 - config - INFO - DATA!!! --->>>Empty DataFrame
Columns: [Ссылка на запись, Комментарий, Вопросы, id]
Index: []
2025-04-16 17:28:48,117 - config - INFO - Стартовый "дата фрейм":                                  Ссылка на запись Комментарий                                            Вопросы    id
0                https://yadi.sk/d/z8zbZKFoVUPVzQ                                                                    2
1                https://yadi.sk/i/Sis-EzmqsRZu6w                                                                    3
2                https://yadi.sk/d/hvWqHqGD5TYCfQ              Почему вот это вот А является множеством, а не...     4
3                https://yadi.sk/i/dIMET5x53JmaHA                                                                    5
4     https://disk.yandex.com.am/d/AiPMyolQUBfOHw                             !Боту не удалось обработать запись     6
...                                           ...         ...                                                ...   ...
3761                                                                                                              3763
3762                                                                                                              3764
3763                                                                                                              3765
3764                                                                                                              3766
3765                                                                                                              3767

[3766 rows x 4 columns]
2025-04-16 17:28:48,123 - config - INFO - Стартовый "дата фрейм" 2:                                  Ссылка на запись Комментарий                                            Вопросы    id
0                https://yadi.sk/d/z8zbZKFoVUPVzQ                                                                    2
1                https://yadi.sk/i/Sis-EzmqsRZu6w                                                                    3
2                https://yadi.sk/d/hvWqHqGD5TYCfQ              Почему вот это вот А является множеством, а не...     4
3                https://yadi.sk/i/dIMET5x53JmaHA                                                                    5
4     https://disk.yandex.com.am/d/AiPMyolQUBfOHw                             !Боту не удалось обработать запись     6
...                                           ...         ...                                                ...   ...
3761                                                                                                              3763
3762                                                                                                              3764
3763                                                                                                              3765
3764                                                                                                              3766
3765                                                                                                              3767

[3764 rows x 4 columns]
2025-04-16 17:28:48,124 - config - INFO - Стартовый "дата фрейм" 3: Empty DataFrame
Columns: [Ссылка на запись, Комментарий, Вопросы, id]
Index: []
2025-04-16 17:28:48,124 - config - INFO - Итоговый "дата фрейм": 0
2025-04-16 17:28:48,125 - config - INFO - id : Series([], Name: id, dtype: object)
2025-04-16 17:28:48,126 - config - INFO - DATA!!! --->>>Empty DataFrame
Columns: [Ссылка на запись, Комментарий, Вопросы, id]
Index: []
2025-04-16 17:36:50,923 - config - INFO - Стартовый "дата фрейм":                                  Ссылка на запись Комментарий                                            Вопросы    id
0                https://yadi.sk/d/z8zbZKFoVUPVzQ         NaN                                                NaN     2
1                https://yadi.sk/i/Sis-EzmqsRZu6w         NaN                                                NaN     3
2                https://yadi.sk/d/hvWqHqGD5TYCfQ         NaN  Почему вот это вот А является множеством, а не...     4
3                https://yadi.sk/i/dIMET5x53JmaHA         NaN                                                NaN     5
4     https://disk.yandex.com.am/d/AiPMyolQUBfOHw         NaN                 !Боту не удалось обработать запись     6
...                                           ...         ...                                                ...   ...
3761                                          NaN         NaN                                                NaN  3763
3762                                          NaN         NaN                                                NaN  3764
3763                                          NaN         NaN                                                NaN  3765
3764                                          NaN         NaN                                                NaN  3766
3765                                          NaN         NaN                                                NaN  3767

[3766 rows x 4 columns]
2025-04-16 17:36:50,926 - config - INFO - Стартовый "дата фрейм" 2:                                  Ссылка на запись Комментарий                                            Вопросы    id
0                https://yadi.sk/d/z8zbZKFoVUPVzQ         NaN                                                NaN     2
1                https://yadi.sk/i/Sis-EzmqsRZu6w         NaN                                                NaN     3
2                https://yadi.sk/d/hvWqHqGD5TYCfQ         NaN  Почему вот это вот А является множеством, а не...     4
3                https://yadi.sk/i/dIMET5x53JmaHA         NaN                                                NaN     5
4     https://disk.yandex.com.am/d/AiPMyolQUBfOHw         NaN                 !Боту не удалось обработать запись     6
...                                           ...         ...                                                ...   ...
3743       не смогла записать, был шейринг экрана         NaN                                                NaN  3745
3744      https://disk.yandex.ru/i/GuvRC9VFEhrlmg         NaN                                                NaN  3746
3745      https://disk.yandex.ru/i/-Hzlkv4x20elsw         NaN                                                NaN  3747
3746      https://disk.yandex.ru/i/f0BJ_2hCrwQYwg         NaN                                                NaN  3748
3747      https://disk.yandex.ru/i/cBvn9rCPAmmG9Q         NaN                                                NaN  3749

[2169 rows x 4 columns]
2025-04-16 17:36:50,929 - config - INFO - Стартовый "дата фрейм" 3:                              Ссылка на запись Комментарий Вопросы    id
0            https://yadi.sk/d/z8zbZKFoVUPVzQ         NaN     NaN     2
1            https://yadi.sk/i/Sis-EzmqsRZu6w         NaN     NaN     3
3            https://yadi.sk/i/dIMET5x53JmaHA         NaN     NaN     5
15           https://yadi.sk/i/GINjz8e7KZ_pTQ         NaN     NaN    17
21           https://yadi.sk/d/VOF3lx6qQFvLlg         NaN     NaN    23
...                                       ...         ...     ...   ...
3743   не смогла записать, был шейринг экрана         NaN     NaN  3745
3744  https://disk.yandex.ru/i/GuvRC9VFEhrlmg         NaN     NaN  3746
3745  https://disk.yandex.ru/i/-Hzlkv4x20elsw         NaN     NaN  3747
3746  https://disk.yandex.ru/i/f0BJ_2hCrwQYwg         NaN     NaN  3748
3747  https://disk.yandex.ru/i/cBvn9rCPAmmG9Q         NaN     NaN  3749

[911 rows x 4 columns]
2025-04-16 17:36:50,929 - config - INFO - Итоговый "дата фрейм": 911
2025-04-16 17:36:50,930 - config - INFO - id : 0      2
1      3
3      5
15    17
21    23
Name: id, dtype: object
2025-04-16 17:36:50,932 - config - INFO - DATA!!! --->>>                   Ссылка на запись Комментарий Вопросы id
0  https://yadi.sk/d/z8zbZKFoVUPVzQ         NaN     NaN  2
1  https://yadi.sk/i/Sis-EzmqsRZu6w         NaN     NaN  3
3  https://yadi.sk/i/dIMET5x53JmaHA         NaN     NaN  5
2025-04-16 17:36:50,932 - config - INFO - Получение прямой ссылки на файл
2025-04-16 17:36:54,600 - config - INFO - Ссылка на файл не рабочая!
2025-04-16 17:36:54,602 - config - INFO - Получение прямой ссылки на файл
2025-04-16 17:36:58,282 - config - INFO - Ссылка на файл не рабочая!
2025-04-16 17:36:58,284 - config - INFO - Получение прямой ссылки на файл
2025-04-16 17:36:58,652 - config - INFO - Начало транскрибации файла
2025-04-16 17:37:21,435 - config - INFO - Стартовый "дата фрейм":                                  Ссылка на запись  ...    id
0                https://yadi.sk/d/z8zbZKFoVUPVzQ  ...     2
1                https://yadi.sk/i/Sis-EzmqsRZu6w  ...     3
2                https://yadi.sk/d/hvWqHqGD5TYCfQ  ...     4
3                https://yadi.sk/i/dIMET5x53JmaHA  ...     5
4     https://disk.yandex.com.am/d/AiPMyolQUBfOHw  ...     6
...                                           ...  ...   ...
3761                                          NaN  ...  3763
3762                                          NaN  ...  3764
3763                                          NaN  ...  3765
3764                                          NaN  ...  3766
3765                                          NaN  ...  3767

[3766 rows x 4 columns]
2025-04-16 17:37:21,439 - config - INFO - Стартовый "дата фрейм" 2:                                  Ссылка на запись  ...    id
0                https://yadi.sk/d/z8zbZKFoVUPVzQ  ...     2
1                https://yadi.sk/i/Sis-EzmqsRZu6w  ...     3
2                https://yadi.sk/d/hvWqHqGD5TYCfQ  ...     4
3                https://yadi.sk/i/dIMET5x53JmaHA  ...     5
4     https://disk.yandex.com.am/d/AiPMyolQUBfOHw  ...     6
...                                           ...  ...   ...
3743       не смогла записать, был шейринг экрана  ...  3745
3744      https://disk.yandex.ru/i/GuvRC9VFEhrlmg  ...  3746
3745      https://disk.yandex.ru/i/-Hzlkv4x20elsw  ...  3747
3746      https://disk.yandex.ru/i/f0BJ_2hCrwQYwg  ...  3748
3747      https://disk.yandex.ru/i/cBvn9rCPAmmG9Q  ...  3749

[2169 rows x 4 columns]
2025-04-16 17:37:21,441 - config - INFO - Стартовый "дата фрейм" 3:                              Ссылка на запись                 Комментарий Вопросы    id
0            https://yadi.sk/d/z8zbZKFoVUPVzQ  Ссылка на файл не рабочая!     NaN     2
1            https://yadi.sk/i/Sis-EzmqsRZu6w                         NaN     NaN     3
3            https://yadi.sk/i/dIMET5x53JmaHA                         NaN     NaN     5
15           https://yadi.sk/i/GINjz8e7KZ_pTQ                         NaN     NaN    17
21           https://yadi.sk/d/VOF3lx6qQFvLlg                         NaN     NaN    23
...                                       ...                         ...     ...   ...
3743   не смогла записать, был шейринг экрана                         NaN     NaN  3745
3744  https://disk.yandex.ru/i/GuvRC9VFEhrlmg                         NaN     NaN  3746
3745  https://disk.yandex.ru/i/-Hzlkv4x20elsw                         NaN     NaN  3747
3746  https://disk.yandex.ru/i/f0BJ_2hCrwQYwg                         NaN     NaN  3748
3747  https://disk.yandex.ru/i/cBvn9rCPAmmG9Q                         NaN     NaN  3749

[911 rows x 4 columns]
2025-04-16 17:37:21,441 - config - INFO - Итоговый "дата фрейм": 910
2025-04-16 17:37:21,442 - config - INFO - id : 1        3
3        5
15      17
21      23
281    283
Name: id, dtype: object
2025-04-16 17:37:21,444 - config - INFO - DATA!!! --->>>                    Ссылка на запись Комментарий Вопросы  id
1   https://yadi.sk/i/Sis-EzmqsRZu6w         NaN     NaN   3
3   https://yadi.sk/i/dIMET5x53JmaHA         NaN     NaN   5
15  https://yadi.sk/i/GINjz8e7KZ_pTQ         NaN     NaN  17
2025-04-16 17:37:21,444 - config - INFO - Получение прямой ссылки на файл
2025-04-16 17:37:23,827 - config - INFO - Ссылка на файл не рабочая!
2025-04-16 17:37:23,828 - config - INFO - Получение прямой ссылки на файл
2025-04-16 17:37:24,163 - config - INFO - Начало транскрибации файла
2025-04-16 17:41:40,568 - config - INFO - Успешная транскрибация файла
2025-04-16 17:41:40,569 - config - INFO - Получение прямой ссылки на файл
2025-04-16 17:41:44,220 - config - INFO - Ссылка на файл не рабочая!
